<?xml version="1.0" encoding="UTF-8"?>
<testng-results ignored="0" total="3" passed="3" failed="0" skipped="0">
  <reporter-output>
  </reporter-output>
  <suite started-at="2019-05-22T19:26:21Z" name="Default suite" finished-at="2019-05-22T19:26:36Z" duration-ms="15127">
    <groups>
    </groups>
    <test started-at="2019-05-22T19:26:21Z" name="Default test" finished-at="2019-05-22T19:26:36Z" duration-ms="15127">
      <class name="TestNG.NewTest">
        <test-method is-config="true" signature="LaunchBrowser()[pri:0, instance:TestNG.NewTest@757277dc]" started-at="2019-05-22T19:26:21Z" name="LaunchBrowser" finished-at="2019-05-22T19:26:30Z" duration-ms="9173" status="PASS">
          <reporter-output>
          </reporter-output>
        </test-method> <!-- LaunchBrowser -->
        <test-method signature="VerifyPageTitle()[pri:0, instance:TestNG.NewTest@757277dc]" started-at="2019-05-22T19:26:30Z" name="VerifyPageTitle" finished-at="2019-05-22T19:26:30Z" duration-ms="18" status="PASS">
          <reporter-output>
          </reporter-output>
        </test-method> <!-- VerifyPageTitle -->
        <test-method signature="login()[pri:1, instance:TestNG.NewTest@757277dc]" started-at="2019-05-22T19:26:30Z" name="login" finished-at="2019-05-22T19:26:34Z" duration-ms="3723" status="PASS">
          <reporter-output>
          </reporter-output>
        </test-method> <!-- login -->
        <test-method signature="NewCustomer()[pri:2, instance:TestNG.NewTest@757277dc]" started-at="2019-05-22T19:26:34Z" name="NewCustomer" finished-at="2019-05-22T19:26:36Z" duration-ms="2193" status="PASS">
          <reporter-output>
          </reporter-output>
        </test-method> <!-- NewCustomer -->
      </class> <!-- TestNG.NewTest -->
    </test> <!-- Default test -->
  </suite> <!-- Default suite -->
</testng-results>
