<?xml version="1.0" encoding="UTF-8"?>
<!-- Generated by org.testng.reporters.JUnitXMLReporter -->
<testsuite ignored="0" hostname="OAK-DESKTOP" failures="0" tests="3" name="Default test" time="15.127" errors="0" timestamp="22 May 2019 19:26:36 GMT">
  <testcase classname="TestNG.NewTest" name="VerifyPageTitle" time="0.018"/>
  <testcase classname="TestNG.NewTest" name="login" time="3.723"/>
  <testcase classname="TestNG.NewTest" name="NewCustomer" time="2.193"/>
</testsuite> <!-- Default test -->
